<?xml version="1.0" encoding="UTF-8"?>
<testsuite name="PlaneTest" tests="4" skipped="0" failures="0" errors="0" timestamp="2019-03-31T12:59:06" hostname="Pixie.local" time="0.003">
  <properties/>
  <testcase name="canCheckPassengerSize" classname="PlaneTest" time="0.001"/>
  <testcase name="canAddPassenger" classname="PlaneTest" time="0.0"/>
  <testcase name="canGetAirline" classname="PlaneTest" time="0.0"/>
  <testcase name="canGetType" classname="PlaneTest" time="0.0"/>
  <system-out><![CDATA[]]></system-out>
  <system-err><![CDATA[]]></system-err>
</testsuite>
